<?xml version="1.0" encoding="UTF-8"?>
<!-- Generated by org.testng.reporters.JUnitXMLReporter -->
<testsuite ignored="12" hostname="LAPTOP-LFU0PBV8" failures="16" tests="37" name="Test" time="430.004" errors="0" timestamp="2022-06-04T00:43:30 EDT">
  <testcase classname="com.salesforce.tests.SalesforceContacts" name="salesforceContactNewButtonClickSaveAndNew" time="8.724"/>
  <testcase classname="com.salesforce.tests.SalesforceContacts" name="salesforceContacts" time="8.186"/>
  <testcase classname="com.salesforce.tests.SalesforceContacts" name="salesforceContactsCreateNewView" time="7.443"/>
  <testcase classname="com.salesforce.tests.SalesforceContacts" name="salesforceContactsCreateNewViewCancel" time="5.026">
    <failure type="org.openqa.selenium.NoSuchElementException" message="no such element: Unable to locate element: {&amp;quot;method&amp;quot;:&amp;quot;xpath&amp;quot;,&amp;quot;selector&amp;quot;:&amp;quot;//input[@id=&amp;apos;fname&amp;apos;]&amp;quot;}
  (Session info: chrome=102.0.5005.63)
For documentation on this error, please visit: https://www.seleniumhq.org/exceptions/no_such_element.html
Build info: version: &amp;apos;3.141.59&amp;apos;, revision: &amp;apos;e82be7d358&amp;apos;, time: &amp;apos;2018-11-14T08:17:03&amp;apos;
System info: host: &amp;apos;LAPTOP-LFU0PBV8&amp;apos;, ip: &amp;apos;192.168.0.38&amp;apos;, os.name: &amp;apos;Windows 11&amp;apos;, os.arch: &amp;apos;amd64&amp;apos;, os.version: &amp;apos;10.0&amp;apos;, java.version: &amp;apos;18&amp;apos;
Driver info: org.openqa.selenium.chrome.ChromeDriver
Capabilities {acceptInsecureCerts: false, browserName: chrome, browserVersion: 102.0.5005.63, chrome: {chromedriverVersion: 102.0.5005.61 (0e59bcc00cc4..., userDataDir: C:\Users\gowri\AppData\Loca...}, goog:chromeOptions: {debuggerAddress: localhost:53939}, javascriptEnabled: true, networkConnectionEnabled: false, pageLoadStrategy: normal, platform: WINDOWS, platformName: WINDOWS, proxy: Proxy(), setWindowRect: true, strictFileInteractability: false, timeouts: {implicit: 0, pageLoad: 300000, script: 30000}, unhandledPromptBehavior: dismiss and notify, webauthn:extension:credBlob: true, webauthn:extension:largeBlob: true, webauthn:virtualAuthenticators: true}
Session ID: ab2cf1be192ed0bf98c971ab9b1c8b7b
*** Element info: {Using=xpath, value=//input[@id=&amp;apos;fname&amp;apos;]}">
      <![CDATA[org.openqa.selenium.NoSuchElementException: no such element: Unable to locate element: {"method":"xpath","selector":"//input[@id='fname']"}
  (Session info: chrome=102.0.5005.63)
For documentation on this error, please visit: https://www.seleniumhq.org/exceptions/no_such_element.html
Build info: version: '3.141.59', revision: 'e82be7d358', time: '2018-11-14T08:17:03'
System info: host: 'LAPTOP-LFU0PBV8', ip: '192.168.0.38', os.name: 'Windows 11', os.arch: 'amd64', os.version: '10.0', java.version: '18'
Driver info: org.openqa.selenium.chrome.ChromeDriver
Capabilities {acceptInsecureCerts: false, browserName: chrome, browserVersion: 102.0.5005.63, chrome: {chromedriverVersion: 102.0.5005.61 (0e59bcc00cc4..., userDataDir: C:\Users\gowri\AppData\Loca...}, goog:chromeOptions: {debuggerAddress: localhost:53939}, javascriptEnabled: true, networkConnectionEnabled: false, pageLoadStrategy: normal, platform: WINDOWS, platformName: WINDOWS, proxy: Proxy(), setWindowRect: true, strictFileInteractability: false, timeouts: {implicit: 0, pageLoad: 300000, script: 30000}, unhandledPromptBehavior: dismiss and notify, webauthn:extension:credBlob: true, webauthn:extension:largeBlob: true, webauthn:virtualAuthenticators: true}
Session ID: ab2cf1be192ed0bf98c971ab9b1c8b7b
*** Element info: {Using=xpath, value=//input[@id='fname']}
at org.openqa.selenium.remote.http.W3CHttpResponseCodec.createException(W3CHttpResponseCodec.java:187)
at org.openqa.selenium.remote.http.W3CHttpResponseCodec.decode(W3CHttpResponseCodec.java:122)
at org.openqa.selenium.remote.http.W3CHttpResponseCodec.decode(W3CHttpResponseCodec.java:49)
at org.openqa.selenium.remote.HttpCommandExecutor.execute(HttpCommandExecutor.java:158)
at org.openqa.selenium.remote.service.DriverCommandExecutor.execute(DriverCommandExecutor.java:83)
at org.openqa.selenium.remote.RemoteWebDriver.execute(RemoteWebDriver.java:552)
at org.openqa.selenium.remote.RemoteWebDriver.findElement(RemoteWebDriver.java:323)
at org.openqa.selenium.remote.RemoteWebDriver.findElementByXPath(RemoteWebDriver.java:428)
at org.openqa.selenium.By$ByXPath.findElement(By.java:353)
at org.openqa.selenium.remote.RemoteWebDriver.findElement(RemoteWebDriver.java:315)
at com.salesforce.tests.SalesforceContacts.salesforceContactsCreateNewViewCancel(SalesforceContacts.java:94)
at java.base/java.util.ArrayList.forEach(ArrayList.java:1511)
... Removed 28 stack frames]]>
    </failure>
  </testcase> <!-- salesforceContactsCreateNewViewCancel -->
  <testcase classname="com.salesforce.tests.SalesforceContacts" name="salesforceContactsCreateNewViewUniqueName" time="6.407"/>
  <testcase classname="com.salesforce.tests.SalesforceContacts" name="salesforceContactsMyContactsView" time="4.664">
    <failure type="org.openqa.selenium.NoSuchElementException" message="Cannot locate element with text: My Contacts View
For documentation on this error, please visit: https://www.seleniumhq.org/exceptions/no_such_element.html
Build info: version: &amp;apos;3.141.59&amp;apos;, revision: &amp;apos;e82be7d358&amp;apos;, time: &amp;apos;2018-11-14T08:17:03&amp;apos;
System info: host: &amp;apos;LAPTOP-LFU0PBV8&amp;apos;, ip: &amp;apos;192.168.0.38&amp;apos;, os.name: &amp;apos;Windows 11&amp;apos;, os.arch: &amp;apos;amd64&amp;apos;, os.version: &amp;apos;10.0&amp;apos;, java.version: &amp;apos;18&amp;apos;
Driver info: driver.version: unknown">
      <![CDATA[org.openqa.selenium.NoSuchElementException: Cannot locate element with text: My Contacts View
For documentation on this error, please visit: https://www.seleniumhq.org/exceptions/no_such_element.html
Build info: version: '3.141.59', revision: 'e82be7d358', time: '2018-11-14T08:17:03'
System info: host: 'LAPTOP-LFU0PBV8', ip: '192.168.0.38', os.name: 'Windows 11', os.arch: 'amd64', os.version: '10.0', java.version: '18'
Driver info: driver.version: unknown
at org.openqa.selenium.support.ui.Select.selectByVisibleText(Select.java:147)
at com.salesforce.base.SalesforceBase.selectMethodByVisibleText(SalesforceBase.java:373)
at com.salesforce.tests.SalesforceContacts.salesforceContactsMyContactsView(SalesforceContacts.java:49)
at java.base/java.util.ArrayList.forEach(ArrayList.java:1511)
... Removed 25 stack frames]]>
    </failure>
  </testcase> <!-- salesforceContactsMyContactsView -->
  <testcase classname="com.salesforce.tests.SalesforceContacts" name="salesforceContactsNameFromRecentContactFrame" time="5.79"/>
  <testcase classname="com.salesforce.tests.SalesforceContacts" name="salesforceContactsRecentlyCreated" time="5.39"/>
  <testcase classname="com.salesforce.tests.SalesforceUserMenu" name="userDropDownMySettings" time="9.66"/>
  <testcase classname="com.salesforce.tests.SalesforceUserMenu" name="userMenuDropDown" time="3.918"/>
  <testcase classname="com.salesforce.tests.SalesforceUserMenu" name="userMenuDropDownDeveloperConsole" time="5.107"/>
  <testcase classname="com.salesforce.tests.SalesforceUserMenu" name="userMenuDropDownLogout" time="4.262"/>
  <testcase classname="com.salesforce.tests.SalesforceUserMenu" name="userMenuDropDownMyProfile" time="38.134">
    <failure type="org.openqa.selenium.TimeoutException" message="Expected condition failed: waiting for visibility of all elements located by By.xpath: //*[@id=&amp;apos;aboutTab&amp;apos;] (tried for 30 second(s) with 500 milliseconds interval)
Build info: version: &amp;apos;3.141.59&amp;apos;, revision: &amp;apos;e82be7d358&amp;apos;, time: &amp;apos;2018-11-14T08:17:03&amp;apos;
System info: host: &amp;apos;LAPTOP-LFU0PBV8&amp;apos;, ip: &amp;apos;192.168.0.38&amp;apos;, os.name: &amp;apos;Windows 11&amp;apos;, os.arch: &amp;apos;amd64&amp;apos;, os.version: &amp;apos;10.0&amp;apos;, java.version: &amp;apos;18&amp;apos;
Driver info: org.openqa.selenium.chrome.ChromeDriver
Capabilities {acceptInsecureCerts: false, browserName: chrome, browserVersion: 102.0.5005.63, chrome: {chromedriverVersion: 102.0.5005.61 (0e59bcc00cc4..., userDataDir: C:\Users\gowri\AppData\Loca...}, goog:chromeOptions: {debuggerAddress: localhost:54476}, javascriptEnabled: true, networkConnectionEnabled: false, pageLoadStrategy: normal, platform: WINDOWS, platformName: WINDOWS, proxy: Proxy(), setWindowRect: true, strictFileInteractability: false, timeouts: {implicit: 0, pageLoad: 300000, script: 30000}, unhandledPromptBehavior: dismiss and notify, webauthn:extension:credBlob: true, webauthn:extension:largeBlob: true, webauthn:virtualAuthenticators: true}
Session ID: 0a9cdde3ce9c28dc0bc40c42e8a91865">
      <![CDATA[org.openqa.selenium.TimeoutException: Expected condition failed: waiting for visibility of all elements located by By.xpath: //*[@id='aboutTab'] (tried for 30 second(s) with 500 milliseconds interval)
Build info: version: '3.141.59', revision: 'e82be7d358', time: '2018-11-14T08:17:03'
System info: host: 'LAPTOP-LFU0PBV8', ip: '192.168.0.38', os.name: 'Windows 11', os.arch: 'amd64', os.version: '10.0', java.version: '18'
Driver info: org.openqa.selenium.chrome.ChromeDriver
Capabilities {acceptInsecureCerts: false, browserName: chrome, browserVersion: 102.0.5005.63, chrome: {chromedriverVersion: 102.0.5005.61 (0e59bcc00cc4..., userDataDir: C:\Users\gowri\AppData\Loca...}, goog:chromeOptions: {debuggerAddress: localhost:54476}, javascriptEnabled: true, networkConnectionEnabled: false, pageLoadStrategy: normal, platform: WINDOWS, platformName: WINDOWS, proxy: Proxy(), setWindowRect: true, strictFileInteractability: false, timeouts: {implicit: 0, pageLoad: 300000, script: 30000}, unhandledPromptBehavior: dismiss and notify, webauthn:extension:credBlob: true, webauthn:extension:largeBlob: true, webauthn:virtualAuthenticators: true}
Session ID: 0a9cdde3ce9c28dc0bc40c42e8a91865
at org.openqa.selenium.support.ui.WebDriverWait.timeoutException(WebDriverWait.java:95)
at org.openqa.selenium.support.ui.FluentWait.until(FluentWait.java:272)
at com.salesforce.base.SalesforceBase.waitUntilVisibilityLocated(SalesforceBase.java:554)
at com.salesforce.tests.SalesforceUserMenu.userMenuDropDownMyProfile(SalesforceUserMenu.java:60)
at java.base/java.util.ArrayList.forEach(ArrayList.java:1511)
... Removed 25 stack frames]]>
    </failure>
  </testcase> <!-- userMenuDropDownMyProfile -->
  <testcase classname="com.salesforce.tests.SalesforceLogin" name="userLoginCheckRememberMe" time="6.082"/>
  <testcase classname="com.salesforce.tests.SalesforceLogin" name="userLoginClearPassword" time="0.959"/>
  <testcase classname="com.salesforce.tests.SalesforceLogin" name="userLoginClickForgetPassword" time="2.149"/>
  <testcase classname="com.salesforce.tests.SalesforceLogin" name="userLoginCorrectUsernameAndPassword" time="9.621">
    <failure type="java.lang.AssertionError" message="The following asserts failed:
	expected [Welcome to your free trial.] but found [Home Page ~ Salesforce - Developer Edition]">
      <![CDATA[java.lang.AssertionError: The following asserts failed:
expected [Welcome to your free trial.] but found [Home Page ~ Salesforce - Developer Edition]
at com.salesforce.base.SalesforceBase.errorPage(SalesforceBase.java:538)
at com.salesforce.tests.SalesforceLogin.userLoginCorrectUsernameAndPassword(SalesforceLogin.java:31)
at java.base/java.util.ArrayList.forEach(ArrayList.java:1511)
... Removed 27 stack frames]]>
    </failure>
  </testcase> <!-- userLoginCorrectUsernameAndPassword -->
  <testcase classname="com.salesforce.tests.SalesforceLogin" name="userLoginWrongUserAndPassword" time="1.001"/>
  <testcase classname="com.salesforce.tests.SalesforceAccount" name="createAccount" time="9.209"/>
  <testcase classname="com.salesforce.tests.SalesforceAccount" name="createAccountCreateAccountReport" time="9.236"/>
  <testcase classname="com.salesforce.tests.SalesforceAccount" name="createAccountCreateNewViewLink" time="8.909"/>
  <testcase classname="com.salesforce.tests.SalesforceAccount" name="createAccountEditLink" time="11.875">
    <failure type="org.openqa.selenium.NoSuchElementException" message="no such element: Unable to locate element: {&amp;quot;method&amp;quot;:&amp;quot;xpath&amp;quot;,&amp;quot;selector&amp;quot;:&amp;quot;//div[@class=&amp;apos;filterOverview&amp;apos;]/form//div/span//span[@class=&amp;apos;fFooter&amp;apos;]//a[1]&amp;quot;}
  (Session info: chrome=102.0.5005.63)
For documentation on this error, please visit: https://www.seleniumhq.org/exceptions/no_such_element.html
Build info: version: &amp;apos;3.141.59&amp;apos;, revision: &amp;apos;e82be7d358&amp;apos;, time: &amp;apos;2018-11-14T08:17:03&amp;apos;
System info: host: &amp;apos;LAPTOP-LFU0PBV8&amp;apos;, ip: &amp;apos;192.168.0.38&amp;apos;, os.name: &amp;apos;Windows 11&amp;apos;, os.arch: &amp;apos;amd64&amp;apos;, os.version: &amp;apos;10.0&amp;apos;, java.version: &amp;apos;18&amp;apos;
Driver info: org.openqa.selenium.chrome.ChromeDriver
Capabilities {acceptInsecureCerts: false, browserName: chrome, browserVersion: 102.0.5005.63, chrome: {chromedriverVersion: 102.0.5005.61 (0e59bcc00cc4..., userDataDir: C:\Users\gowri\AppData\Loca...}, goog:chromeOptions: {debuggerAddress: localhost:54987}, javascriptEnabled: true, networkConnectionEnabled: false, pageLoadStrategy: normal, platform: WINDOWS, platformName: WINDOWS, proxy: Proxy(), setWindowRect: true, strictFileInteractability: false, timeouts: {implicit: 0, pageLoad: 300000, script: 30000}, unhandledPromptBehavior: dismiss and notify, webauthn:extension:credBlob: true, webauthn:extension:largeBlob: true, webauthn:virtualAuthenticators: true}
Session ID: bf2b7197be685f237ea9a87fdb371f5c
*** Element info: {Using=xpath, value=//div[@class=&amp;apos;filterOverview&amp;apos;]/form//div/span//span[@class=&amp;apos;fFooter&amp;apos;]//a[1]}">
      <![CDATA[org.openqa.selenium.NoSuchElementException: no such element: Unable to locate element: {"method":"xpath","selector":"//div[@class='filterOverview']/form//div/span//span[@class='fFooter']//a[1]"}
  (Session info: chrome=102.0.5005.63)
For documentation on this error, please visit: https://www.seleniumhq.org/exceptions/no_such_element.html
Build info: version: '3.141.59', revision: 'e82be7d358', time: '2018-11-14T08:17:03'
System info: host: 'LAPTOP-LFU0PBV8', ip: '192.168.0.38', os.name: 'Windows 11', os.arch: 'amd64', os.version: '10.0', java.version: '18'
Driver info: org.openqa.selenium.chrome.ChromeDriver
Capabilities {acceptInsecureCerts: false, browserName: chrome, browserVersion: 102.0.5005.63, chrome: {chromedriverVersion: 102.0.5005.61 (0e59bcc00cc4..., userDataDir: C:\Users\gowri\AppData\Loca...}, goog:chromeOptions: {debuggerAddress: localhost:54987}, javascriptEnabled: true, networkConnectionEnabled: false, pageLoadStrategy: normal, platform: WINDOWS, platformName: WINDOWS, proxy: Proxy(), setWindowRect: true, strictFileInteractability: false, timeouts: {implicit: 0, pageLoad: 300000, script: 30000}, unhandledPromptBehavior: dismiss and notify, webauthn:extension:credBlob: true, webauthn:extension:largeBlob: true, webauthn:virtualAuthenticators: true}
Session ID: bf2b7197be685f237ea9a87fdb371f5c
*** Element info: {Using=xpath, value=//div[@class='filterOverview']/form//div/span//span[@class='fFooter']//a[1]}
at org.openqa.selenium.remote.http.W3CHttpResponseCodec.createException(W3CHttpResponseCodec.java:187)
at org.openqa.selenium.remote.http.W3CHttpResponseCodec.decode(W3CHttpResponseCodec.java:122)
at org.openqa.selenium.remote.http.W3CHttpResponseCodec.decode(W3CHttpResponseCodec.java:49)
at org.openqa.selenium.remote.HttpCommandExecutor.execute(HttpCommandExecutor.java:158)
at org.openqa.selenium.remote.service.DriverCommandExecutor.execute(DriverCommandExecutor.java:83)
at org.openqa.selenium.remote.RemoteWebDriver.execute(RemoteWebDriver.java:552)
at org.openqa.selenium.remote.RemoteWebDriver.findElement(RemoteWebDriver.java:323)
at org.openqa.selenium.remote.RemoteWebDriver.findElementByXPath(RemoteWebDriver.java:428)
at org.openqa.selenium.By$ByXPath.findElement(By.java:353)
at org.openqa.selenium.remote.RemoteWebDriver.findElement(RemoteWebDriver.java:315)
at com.salesforce.tests.SalesforceAccount.createAccountEditLink(SalesforceAccount.java:101)
at java.base/java.util.ArrayList.forEach(ArrayList.java:1511)
... Removed 28 stack frames]]>
    </failure>
  </testcase> <!-- createAccountEditLink -->
  <testcase classname="com.salesforce.tests.SalesforceAccount" name="createAccountMergeAccount" time="40.69">
    <failure type="org.openqa.selenium.TimeoutException" message="Expected condition failed: waiting for visibility of all elements located by By.xpath: //input[contains(text(),&amp;apos;goNext&amp;apos;] (tried for 30 second(s) with 500 milliseconds interval)">
      <![CDATA[org.openqa.selenium.TimeoutException: Expected condition failed: waiting for visibility of all elements located by By.xpath: //input[contains(text(),'goNext'] (tried for 30 second(s) with 500 milliseconds interval)
at org.openqa.selenium.support.ui.WebDriverWait.timeoutException(WebDriverWait.java:95)
at org.openqa.selenium.support.ui.FluentWait.until(FluentWait.java:272)
at com.salesforce.base.SalesforceBase.waitUntilVisibilityLocated(SalesforceBase.java:554)
at com.salesforce.tests.SalesforceAccount.createAccountMergeAccount(SalesforceAccount.java:150)
at java.base/java.util.ArrayList.forEach(ArrayList.java:1511)
Caused by: org.openqa.selenium.InvalidSelectorException: invalid selector: Unable to locate an element with the xpath expression //input[contains(text(),'goNext'] because of the following error:
SyntaxError: Failed to execute 'evaluate' on 'Document': The string '//input[contains(text(),'goNext']' is not a valid XPath expression.
  (Session info: chrome=102.0.5005.63)
For documentation on this error, please visit: https://www.seleniumhq.org/exceptions/invalid_selector_exception.html
Build info: version: '3.141.59', revision: 'e82be7d358', time: '2018-11-14T08:17:03'
System info: host: 'LAPTOP-LFU0PBV8', ip: '192.168.0.38', os.name: 'Windows 11', os.arch: 'amd64', os.version: '10.0', java.version: '18'
Driver info: org.openqa.selenium.chrome.ChromeDriver
Capabilities {acceptInsecureCerts: false, browserName: chrome, browserVersion: 102.0.5005.63, chrome: {chromedriverVersion: 102.0.5005.61 (0e59bcc00cc4..., userDataDir: C:\Users\gowri\AppData\Loca...}, goog:chromeOptions: {debuggerAddress: localhost:55051}, javascriptEnabled: true, networkConnectionEnabled: false, pageLoadStrategy: normal, platform: WINDOWS, platformName: WINDOWS, proxy: Proxy(), setWindowRect: true, strictFileInteractability: false, timeouts: {implicit: 0, pageLoad: 300000, script: 30000}, unhandledPromptBehavior: dismiss and notify, webauthn:extension:credBlob: true, webauthn:extension:largeBlob: true, webauthn:virtualAuthenticators: true}
Session ID: 2d27c769496c4946f0ef1e46d0bc01ab
*** Element info: {Using=xpath, value=//input[contains(text(),'goNext']}
at org.openqa.selenium.remote.http.W3CHttpResponseCodec.createException(W3CHttpResponseCodec.java:187)
at org.openqa.selenium.remote.http.W3CHttpResponseCodec.decode(W3CHttpResponseCodec.java:122)
at org.openqa.selenium.remote.http.W3CHttpResponseCodec.decode(W3CHttpResponseCodec.java:49)
at org.openqa.selenium.remote.HttpCommandExecutor.execute(HttpCommandExecutor.java:158)
at org.openqa.selenium.remote.service.DriverCommandExecutor.execute(DriverCommandExecutor.java:83)
at org.openqa.selenium.remote.RemoteWebDriver.execute(RemoteWebDriver.java:552)
at org.openqa.selenium.remote.RemoteWebDriver.findElements(RemoteWebDriver.java:353)
at org.openqa.selenium.remote.RemoteWebDriver.findElementsByXPath(RemoteWebDriver.java:432)
at org.openqa.selenium.By$ByXPath.findElements(By.java:348)
at org.openqa.selenium.remote.RemoteWebDriver.findElements(RemoteWebDriver.java:311)
at org.openqa.selenium.support.ui.ExpectedConditions$8.apply(ExpectedConditions.java:231)
at org.openqa.selenium.support.ui.ExpectedConditions$8.apply(ExpectedConditions.java:228)
at org.openqa.selenium.support.ui.FluentWait.until(FluentWait.java:249)
... 28 more
... Removed 28 stack frames]]>
    </failure>
  </testcase> <!-- createAccountMergeAccount -->
  <testcase classname="com.salesforce.tests.SalesforceRandomScenarios" name="salesforceAllTab" time="9.284">
    <failure type="org.openqa.selenium.InvalidSelectorException" message="invalid selector: Unable to locate an element with the xpath expression  because of the following error:
SyntaxError: Failed to execute &amp;apos;evaluate&amp;apos; on &amp;apos;Document&amp;apos;: The string &amp;apos;&amp;apos; is not a valid XPath expression.
  (Session info: chrome=102.0.5005.63)
For documentation on this error, please visit: https://www.seleniumhq.org/exceptions/invalid_selector_exception.html
Build info: version: &amp;apos;3.141.59&amp;apos;, revision: &amp;apos;e82be7d358&amp;apos;, time: &amp;apos;2018-11-14T08:17:03&amp;apos;
System info: host: &amp;apos;LAPTOP-LFU0PBV8&amp;apos;, ip: &amp;apos;192.168.0.38&amp;apos;, os.name: &amp;apos;Windows 11&amp;apos;, os.arch: &amp;apos;amd64&amp;apos;, os.version: &amp;apos;10.0&amp;apos;, java.version: &amp;apos;18&amp;apos;
Driver info: org.openqa.selenium.chrome.ChromeDriver
Capabilities {acceptInsecureCerts: false, browserName: chrome, browserVersion: 102.0.5005.63, chrome: {chromedriverVersion: 102.0.5005.61 (0e59bcc00cc4..., userDataDir: C:\Users\gowri\AppData\Loca...}, goog:chromeOptions: {debuggerAddress: localhost:55122}, javascriptEnabled: true, networkConnectionEnabled: false, pageLoadStrategy: normal, platform: WINDOWS, platformName: WINDOWS, proxy: Proxy(), setWindowRect: true, strictFileInteractability: false, timeouts: {implicit: 0, pageLoad: 300000, script: 30000}, unhandledPromptBehavior: dismiss and notify, webauthn:extension:credBlob: true, webauthn:extension:largeBlob: true, webauthn:virtualAuthenticators: true}
Session ID: 162bb7422183fab87524b943c217d80b
*** Element info: {Using=xpath, value=}">
      <![CDATA[org.openqa.selenium.InvalidSelectorException: invalid selector: Unable to locate an element with the xpath expression  because of the following error:
SyntaxError: Failed to execute 'evaluate' on 'Document': The string '' is not a valid XPath expression.
  (Session info: chrome=102.0.5005.63)
For documentation on this error, please visit: https://www.seleniumhq.org/exceptions/invalid_selector_exception.html
Build info: version: '3.141.59', revision: 'e82be7d358', time: '2018-11-14T08:17:03'
System info: host: 'LAPTOP-LFU0PBV8', ip: '192.168.0.38', os.name: 'Windows 11', os.arch: 'amd64', os.version: '10.0', java.version: '18'
Driver info: org.openqa.selenium.chrome.ChromeDriver
Capabilities {acceptInsecureCerts: false, browserName: chrome, browserVersion: 102.0.5005.63, chrome: {chromedriverVersion: 102.0.5005.61 (0e59bcc00cc4..., userDataDir: C:\Users\gowri\AppData\Loca...}, goog:chromeOptions: {debuggerAddress: localhost:55122}, javascriptEnabled: true, networkConnectionEnabled: false, pageLoadStrategy: normal, platform: WINDOWS, platformName: WINDOWS, proxy: Proxy(), setWindowRect: true, strictFileInteractability: false, timeouts: {implicit: 0, pageLoad: 300000, script: 30000}, unhandledPromptBehavior: dismiss and notify, webauthn:extension:credBlob: true, webauthn:extension:largeBlob: true, webauthn:virtualAuthenticators: true}
Session ID: 162bb7422183fab87524b943c217d80b
*** Element info: {Using=xpath, value=}
at org.openqa.selenium.remote.http.W3CHttpResponseCodec.createException(W3CHttpResponseCodec.java:187)
at org.openqa.selenium.remote.http.W3CHttpResponseCodec.decode(W3CHttpResponseCodec.java:122)
at org.openqa.selenium.remote.http.W3CHttpResponseCodec.decode(W3CHttpResponseCodec.java:49)
at org.openqa.selenium.remote.HttpCommandExecutor.execute(HttpCommandExecutor.java:158)
at org.openqa.selenium.remote.service.DriverCommandExecutor.execute(DriverCommandExecutor.java:83)
at org.openqa.selenium.remote.RemoteWebDriver.execute(RemoteWebDriver.java:552)
at org.openqa.selenium.remote.RemoteWebDriver.findElement(RemoteWebDriver.java:323)
at org.openqa.selenium.remote.RemoteWebDriver.findElementByXPath(RemoteWebDriver.java:428)
at org.openqa.selenium.By$ByXPath.findElement(By.java:353)
at org.openqa.selenium.remote.RemoteWebDriver.findElement(RemoteWebDriver.java:315)
at com.salesforce.tests.SalesforceRandomScenarios.salesforceAllTab(SalesforceRandomScenarios.java:53)
at java.base/java.util.ArrayList.forEach(ArrayList.java:1511)
... Removed 28 stack frames]]>
    </failure>
  </testcase> <!-- salesforceAllTab -->
  <testcase classname="com.salesforce.tests.SalesforceRandomScenarios" name="salesforceHomeCurrentDateLink" time="8.513">
    <failure type="org.openqa.selenium.InvalidSelectorException" message="invalid selector: Unable to locate an element with the xpath expression  because of the following error:
SyntaxError: Failed to execute &amp;apos;evaluate&amp;apos; on &amp;apos;Document&amp;apos;: The string &amp;apos;&amp;apos; is not a valid XPath expression.
  (Session info: chrome=102.0.5005.63)
For documentation on this error, please visit: https://www.seleniumhq.org/exceptions/invalid_selector_exception.html
Build info: version: &amp;apos;3.141.59&amp;apos;, revision: &amp;apos;e82be7d358&amp;apos;, time: &amp;apos;2018-11-14T08:17:03&amp;apos;
System info: host: &amp;apos;LAPTOP-LFU0PBV8&amp;apos;, ip: &amp;apos;192.168.0.38&amp;apos;, os.name: &amp;apos;Windows 11&amp;apos;, os.arch: &amp;apos;amd64&amp;apos;, os.version: &amp;apos;10.0&amp;apos;, java.version: &amp;apos;18&amp;apos;
Driver info: org.openqa.selenium.chrome.ChromeDriver
Capabilities {acceptInsecureCerts: false, browserName: chrome, browserVersion: 102.0.5005.63, chrome: {chromedriverVersion: 102.0.5005.61 (0e59bcc00cc4..., userDataDir: C:\Users\gowri\AppData\Loca...}, goog:chromeOptions: {debuggerAddress: localhost:55185}, javascriptEnabled: true, networkConnectionEnabled: false, pageLoadStrategy: normal, platform: WINDOWS, platformName: WINDOWS, proxy: Proxy(), setWindowRect: true, strictFileInteractability: false, timeouts: {implicit: 0, pageLoad: 300000, script: 30000}, unhandledPromptBehavior: dismiss and notify, webauthn:extension:credBlob: true, webauthn:extension:largeBlob: true, webauthn:virtualAuthenticators: true}
Session ID: 67e04e24147557b1d6af6393a0eb8b43
*** Element info: {Using=xpath, value=}">
      <![CDATA[org.openqa.selenium.InvalidSelectorException: invalid selector: Unable to locate an element with the xpath expression  because of the following error:
SyntaxError: Failed to execute 'evaluate' on 'Document': The string '' is not a valid XPath expression.
  (Session info: chrome=102.0.5005.63)
For documentation on this error, please visit: https://www.seleniumhq.org/exceptions/invalid_selector_exception.html
Build info: version: '3.141.59', revision: 'e82be7d358', time: '2018-11-14T08:17:03'
System info: host: 'LAPTOP-LFU0PBV8', ip: '192.168.0.38', os.name: 'Windows 11', os.arch: 'amd64', os.version: '10.0', java.version: '18'
Driver info: org.openqa.selenium.chrome.ChromeDriver
Capabilities {acceptInsecureCerts: false, browserName: chrome, browserVersion: 102.0.5005.63, chrome: {chromedriverVersion: 102.0.5005.61 (0e59bcc00cc4..., userDataDir: C:\Users\gowri\AppData\Loca...}, goog:chromeOptions: {debuggerAddress: localhost:55185}, javascriptEnabled: true, networkConnectionEnabled: false, pageLoadStrategy: normal, platform: WINDOWS, platformName: WINDOWS, proxy: Proxy(), setWindowRect: true, strictFileInteractability: false, timeouts: {implicit: 0, pageLoad: 300000, script: 30000}, unhandledPromptBehavior: dismiss and notify, webauthn:extension:credBlob: true, webauthn:extension:largeBlob: true, webauthn:virtualAuthenticators: true}
Session ID: 67e04e24147557b1d6af6393a0eb8b43
*** Element info: {Using=xpath, value=}
at org.openqa.selenium.remote.http.W3CHttpResponseCodec.createException(W3CHttpResponseCodec.java:187)
at org.openqa.selenium.remote.http.W3CHttpResponseCodec.decode(W3CHttpResponseCodec.java:122)
at org.openqa.selenium.remote.http.W3CHttpResponseCodec.decode(W3CHttpResponseCodec.java:49)
at org.openqa.selenium.remote.HttpCommandExecutor.execute(HttpCommandExecutor.java:158)
at org.openqa.selenium.remote.service.DriverCommandExecutor.execute(DriverCommandExecutor.java:83)
at org.openqa.selenium.remote.RemoteWebDriver.execute(RemoteWebDriver.java:552)
at org.openqa.selenium.remote.RemoteWebDriver.findElement(RemoteWebDriver.java:323)
at org.openqa.selenium.remote.RemoteWebDriver.findElementByXPath(RemoteWebDriver.java:428)
at org.openqa.selenium.By$ByXPath.findElement(By.java:353)
at org.openqa.selenium.remote.RemoteWebDriver.findElement(RemoteWebDriver.java:315)
at com.salesforce.tests.SalesforceRandomScenarios.salesforceHomeCurrentDateLink(SalesforceRandomScenarios.java:69)
at java.base/java.util.ArrayList.forEach(ArrayList.java:1511)
... Removed 28 stack frames]]>
    </failure>
  </testcase> <!-- salesforceHomeCurrentDateLink -->
  <testcase classname="com.salesforce.tests.SalesforceRandomScenarios" name="salesforceHomeTabNameLink" time="8.276"/>
  <testcase classname="com.salesforce.tests.SalesforceRandomScenarios" name="salesforceHomeTabNameLinkEditProfile" time="10.669"/>
  <testcase classname="com.salesforce.tests.SalesforceOppourtunity" name="salesforceCreateOppourtunity" time="9.227">
    <failure type="java.lang.AssertionError" message="Opportunity Page Displayed
	expected [Welcome to your free trial.] but found [Home Page ~ Salesforce - Developer Edition]">
      <![CDATA[java.lang.AssertionError: Opportunity Page Displayed
expected [Welcome to your free trial.] but found [Home Page ~ Salesforce - Developer Edition]
at com.salesforce.tests.SalesforceOppourtunity.salesforceCreateOppourtunity(SalesforceOppourtunity.java:95)
at java.base/java.util.ArrayList.forEach(ArrayList.java:1511)
... Removed 26 stack frames]]>
    </failure>
  </testcase> <!-- salesforceCreateOppourtunity -->
  <testcase classname="com.salesforce.tests.SalesforceOppourtunity" name="salesforceOpportunityPipeline" time="6.74">
    <failure type="java.lang.AssertionError" message="Opportunity Pipeline Displayed
	expected [Welcome to your free trial.] but found [Home Page ~ Salesforce - Developer Edition],
	expected [Opportunity Pipeline ~ Salesforce - Developer Edition] but found []">
      <![CDATA[java.lang.AssertionError: Opportunity Pipeline Displayed
expected [Welcome to your free trial.] but found [Home Page ~ Salesforce - Developer Edition],
expected [Opportunity Pipeline ~ Salesforce - Developer Edition] but found []
at com.salesforce.tests.SalesforceOppourtunity.salesforceOpportunityPipeline(SalesforceOppourtunity.java:107)
at java.base/java.util.ArrayList.forEach(ArrayList.java:1511)
... Removed 26 stack frames]]>
    </failure>
  </testcase> <!-- salesforceOpportunityPipeline -->
  <testcase classname="com.salesforce.tests.SalesforceOppourtunity" name="salesforceOpportunityQuarterlySummaryLink" time="5.776">
    <failure type="java.lang.AssertionError" message="The following asserts failed:
	expected [Welcome to your free trial.] but found [Home Page ~ Salesforce - Developer Edition],
	expected [Opportunity Pipeline ~ Salesforce - Developer Edition] but found [],
	expected [Quarterly Summary link] but found [Opportunities: Home ~ Salesforce - Developer Edition]">
      <![CDATA[java.lang.AssertionError: The following asserts failed:
expected [Welcome to your free trial.] but found [Home Page ~ Salesforce - Developer Edition],
expected [Opportunity Pipeline ~ Salesforce - Developer Edition] but found [],
expected [Quarterly Summary link] but found [Opportunities: Home ~ Salesforce - Developer Edition]
at com.salesforce.tests.SalesforceOppourtunity.salesforceOpportunityQuarterlySummaryLink(SalesforceOppourtunity.java:134)
at java.base/java.util.ArrayList.forEach(ArrayList.java:1511)
... Removed 27 stack frames]]>
    </failure>
  </testcase> <!-- salesforceOpportunityQuarterlySummaryLink -->
  <testcase classname="com.salesforce.tests.SalesforceOppourtunity" name="salesforceOppourtunityViewDropDown" time="4.807">
    <failure type="java.lang.AssertionError" message="The following asserts failed:
	expected [Welcome to your free trial.] but found [Home Page ~ Salesforce - Developer Edition],
	expected [Opportunity Pipeline ~ Salesforce - Developer Edition] but found [],
	expected [Quarterly Summary link] but found [Opportunities: Home ~ Salesforce - Developer Edition]">
      <![CDATA[java.lang.AssertionError: The following asserts failed:
expected [Welcome to your free trial.] but found [Home Page ~ Salesforce - Developer Edition],
expected [Opportunity Pipeline ~ Salesforce - Developer Edition] but found [],
expected [Quarterly Summary link] but found [Opportunities: Home ~ Salesforce - Developer Edition]
at com.salesforce.tests.SalesforceOppourtunity.salesforceOppourtunityViewDropDown(SalesforceOppourtunity.java:39)
at java.base/java.util.ArrayList.forEach(ArrayList.java:1511)
... Removed 27 stack frames]]>
    </failure>
  </testcase> <!-- salesforceOppourtunityViewDropDown -->
  <testcase classname="com.salesforce.tests.SalesforceOppourtunity" name="salesforceStuckOpportunities" time="5.127">
    <failure type="java.lang.AssertionError" message="Stuck Opportunity Page Displayed
	expected [Welcome to your free trial.] but found [Home Page ~ Salesforce - Developer Edition],
	expected [Opportunity Pipeline ~ Salesforce - Developer Edition] but found [],
	expected [Quarterly Summary link] but found [Opportunities: Home ~ Salesforce - Developer Edition]">
      <![CDATA[java.lang.AssertionError: Stuck Opportunity Page Displayed
expected [Welcome to your free trial.] but found [Home Page ~ Salesforce - Developer Edition],
expected [Opportunity Pipeline ~ Salesforce - Developer Edition] but found [],
expected [Quarterly Summary link] but found [Opportunities: Home ~ Salesforce - Developer Edition]
at com.salesforce.tests.SalesforceOppourtunity.salesforceStuckOpportunities(SalesforceOppourtunity.java:122)
at java.base/java.util.ArrayList.forEach(ArrayList.java:1511)
... Removed 26 stack frames]]>
    </failure>
  </testcase> <!-- salesforceStuckOpportunities -->
  <testcase classname="com.salesforce.tests.SalesforceLeads" name="leadsViewTodaysLead" time="6.933"/>
  <testcase classname="com.salesforce.tests.SalesforceLeads" name="leadsViewTodaysLeadLogoutAndLogin" time="48.173">
    <failure type="org.openqa.selenium.TimeoutException" message="Expected condition failed: waiting for visibility of all elements located by By.xpath: //input[@id=&amp;apos;username&amp;apos;] (tried for 30 second(s) with 500 milliseconds interval)
Build info: version: &amp;apos;3.141.59&amp;apos;, revision: &amp;apos;e82be7d358&amp;apos;, time: &amp;apos;2018-11-14T08:17:03&amp;apos;
System info: host: &amp;apos;LAPTOP-LFU0PBV8&amp;apos;, ip: &amp;apos;192.168.0.38&amp;apos;, os.name: &amp;apos;Windows 11&amp;apos;, os.arch: &amp;apos;amd64&amp;apos;, os.version: &amp;apos;10.0&amp;apos;, java.version: &amp;apos;18&amp;apos;
Driver info: org.openqa.selenium.chrome.ChromeDriver
Capabilities {acceptInsecureCerts: false, browserName: chrome, browserVersion: 102.0.5005.63, chrome: {chromedriverVersion: 102.0.5005.61 (0e59bcc00cc4..., userDataDir: C:\Users\gowri\AppData\Loca...}, goog:chromeOptions: {debuggerAddress: localhost:55748}, javascriptEnabled: true, networkConnectionEnabled: false, pageLoadStrategy: normal, platform: WINDOWS, platformName: WINDOWS, proxy: Proxy(), setWindowRect: true, strictFileInteractability: false, timeouts: {implicit: 0, pageLoad: 300000, script: 30000}, unhandledPromptBehavior: dismiss and notify, webauthn:extension:credBlob: true, webauthn:extension:largeBlob: true, webauthn:virtualAuthenticators: true}
Session ID: 7b2b1a230c6d5d38e43711c7bce0bf4e">
      <![CDATA[org.openqa.selenium.TimeoutException: Expected condition failed: waiting for visibility of all elements located by By.xpath: //input[@id='username'] (tried for 30 second(s) with 500 milliseconds interval)
Build info: version: '3.141.59', revision: 'e82be7d358', time: '2018-11-14T08:17:03'
System info: host: 'LAPTOP-LFU0PBV8', ip: '192.168.0.38', os.name: 'Windows 11', os.arch: 'amd64', os.version: '10.0', java.version: '18'
Driver info: org.openqa.selenium.chrome.ChromeDriver
Capabilities {acceptInsecureCerts: false, browserName: chrome, browserVersion: 102.0.5005.63, chrome: {chromedriverVersion: 102.0.5005.61 (0e59bcc00cc4..., userDataDir: C:\Users\gowri\AppData\Loca...}, goog:chromeOptions: {debuggerAddress: localhost:55748}, javascriptEnabled: true, networkConnectionEnabled: false, pageLoadStrategy: normal, platform: WINDOWS, platformName: WINDOWS, proxy: Proxy(), setWindowRect: true, strictFileInteractability: false, timeouts: {implicit: 0, pageLoad: 300000, script: 30000}, unhandledPromptBehavior: dismiss and notify, webauthn:extension:credBlob: true, webauthn:extension:largeBlob: true, webauthn:virtualAuthenticators: true}
Session ID: 7b2b1a230c6d5d38e43711c7bce0bf4e
at org.openqa.selenium.support.ui.WebDriverWait.timeoutException(WebDriverWait.java:95)
at org.openqa.selenium.support.ui.FluentWait.until(FluentWait.java:272)
at com.salesforce.base.SalesforceBase.waitUntilVisibilityLocated(SalesforceBase.java:554)
at com.salesforce.base.SalesforceBase.userLogin(SalesforceBase.java:193)
at com.salesforce.base.SalesforceBase.leads(SalesforceBase.java:282)
at com.salesforce.tests.SalesforceLeads.leadsViewTodaysLeadLogoutAndLogin(SalesforceLeads.java:79)
at java.base/java.util.ArrayList.forEach(ArrayList.java:1511)
... Removed 25 stack frames]]>
    </failure>
  </testcase> <!-- leadsViewTodaysLeadLogoutAndLogin -->
  <testcase classname="com.salesforce.tests.SalesforceLeads" name="salesforceLeadNewButton" time="9.25"/>
  <testcase classname="com.salesforce.tests.SalesforceLeads" name="salesforceLeads" time="5.506">
    <failure type="java.lang.AssertionError" message="Leads Page Displayed
	expected [Welcome to your free trial.] but found [Home Page ~ Salesforce - Developer Edition],
	expected [Opportunity Pipeline ~ Salesforce - Developer Edition] but found [],
	expected [Quarterly Summary link] but found [Opportunities: Home ~ Salesforce - Developer Edition]">
      <![CDATA[java.lang.AssertionError: Leads Page Displayed
expected [Welcome to your free trial.] but found [Home Page ~ Salesforce - Developer Edition],
expected [Opportunity Pipeline ~ Salesforce - Developer Edition] but found [],
expected [Quarterly Summary link] but found [Opportunities: Home ~ Salesforce - Developer Edition]
at com.salesforce.tests.SalesforceLeads.salesforceLeads(SalesforceLeads.java:23)
at java.base/java.util.ArrayList.forEach(ArrayList.java:1511)
... Removed 26 stack frames]]>
    </failure>
  </testcase> <!-- salesforceLeads -->
  <testcase classname="com.salesforce.tests.SalesforceLeads" name="salesforceLeadsDropDown" time="5.535">
    <failure type="java.lang.AssertionError" message="The following asserts failed:
	expected [Welcome to your free trial.] but found [Home Page ~ Salesforce - Developer Edition],
	expected [Opportunity Pipeline ~ Salesforce - Developer Edition] but found [],
	expected [Quarterly Summary link] but found [Opportunities: Home ~ Salesforce - Developer Edition]">
      <![CDATA[java.lang.AssertionError: The following asserts failed:
expected [Welcome to your free trial.] but found [Home Page ~ Salesforce - Developer Edition],
expected [Opportunity Pipeline ~ Salesforce - Developer Edition] but found [],
expected [Quarterly Summary link] but found [Opportunities: Home ~ Salesforce - Developer Edition]
at com.salesforce.tests.SalesforceLeads.salesforceLeadsDropDown(SalesforceLeads.java:49)
at java.base/java.util.ArrayList.forEach(ArrayList.java:1511)
... Removed 27 stack frames]]>
    </failure>
  </testcase> <!-- salesforceLeadsDropDown -->
  <testcase classname="com.salesforce.base.SalesforceBase" name="@AfterTest finalTearDown" time="0.0">
    <ignored/>
  </testcase> <!-- @AfterTest finalTearDown -->
  <testcase classname="com.salesforce.base.SalesforceBase" name="@BeforeTest initialTestSetup" time="0.0">
    <ignored/>
  </testcase> <!-- @BeforeTest initialTestSetup -->
  <testcase classname="com.salesforce.base.SalesforceBase" name="@BeforeTest initialTestSetup" time="0.0">
    <ignored/>
  </testcase> <!-- @BeforeTest initialTestSetup -->
  <testcase classname="com.salesforce.base.SalesforceBase" name="@AfterTest finalTearDown" time="0.0">
    <ignored/>
  </testcase> <!-- @AfterTest finalTearDown -->
  <testcase classname="com.salesforce.base.SalesforceBase" name="@AfterTest finalTearDown" time="0.0">
    <ignored/>
  </testcase> <!-- @AfterTest finalTearDown -->
  <testcase classname="com.salesforce.base.SalesforceBase" name="@AfterTest finalTearDown" time="0.0">
    <ignored/>
  </testcase> <!-- @AfterTest finalTearDown -->
  <testcase classname="com.salesforce.base.SalesforceBase" name="@BeforeTest initialTestSetup" time="0.0">
    <ignored/>
  </testcase> <!-- @BeforeTest initialTestSetup -->
  <testcase classname="com.salesforce.base.SalesforceBase" name="@BeforeTest initialTestSetup" time="0.0">
    <ignored/>
  </testcase> <!-- @BeforeTest initialTestSetup -->
  <testcase classname="com.salesforce.base.SalesforceBase" name="@AfterTest finalTearDown" time="0.0">
    <ignored/>
  </testcase> <!-- @AfterTest finalTearDown -->
  <testcase classname="com.salesforce.base.SalesforceBase" name="@BeforeTest initialTestSetup" time="0.0">
    <ignored/>
  </testcase> <!-- @BeforeTest initialTestSetup -->
  <testcase classname="com.salesforce.base.SalesforceBase" name="@AfterTest finalTearDown" time="0.0">
    <ignored/>
  </testcase> <!-- @AfterTest finalTearDown -->
  <testcase classname="com.salesforce.base.SalesforceBase" name="@BeforeTest initialTestSetup" time="0.0">
    <ignored/>
  </testcase> <!-- @BeforeTest initialTestSetup -->
</testsuite> <!-- Test -->
