<?xml version="1.0" encoding="UTF-8"?>
<!-- Generated by org.testng.reporters.JUnitXMLReporter -->
<testsuite ignored="0" hostname="LAPTOP-LFU0PBV8" failures="1" tests="5" name="UserMenuChrome" time="18.757" errors="0" timestamp="2022-05-16T18:53:27 EDT">
  <testcase classname="com.salesforce.tests.SalesforceLogin" name="userLoginCheckRememberMe" time="5.438"/>
  <testcase classname="com.salesforce.tests.SalesforceLogin" name="userLoginClearPassword" time="0.985"/>
  <testcase classname="com.salesforce.tests.SalesforceLogin" name="userLoginClickForgetPassword" time="0.64"/>
  <testcase classname="com.salesforce.tests.SalesforceLogin" name="userLoginCorrectUsernameAndPassword" time="2.785">
    <failure type="java.lang.AssertionError" message="The following asserts failed:
	expected [Welcome to your free trial.] but found [Home Page ~ Salesforce - Developer Edition]">
      <![CDATA[java.lang.AssertionError: The following asserts failed:
expected [Welcome to your free trial.] but found [Home Page ~ Salesforce - Developer Edition]
at com.salesforce.base.SalesforceBase.errorPage(SalesforceBase.java:338)
at com.salesforce.tests.SalesforceLogin.userLoginCorrectUsernameAndPassword(SalesforceLogin.java:21)
at java.base/java.util.ArrayList.forEach(ArrayList.java:1511)
... Removed 27 stack frames]]>
    </failure>
  </testcase> <!-- userLoginCorrectUsernameAndPassword -->
  <testcase classname="com.salesforce.tests.SalesforceLogin" name="userLoginWrongUserAndPassword" time="0.717"/>
</testsuite> <!-- UserMenuChrome -->
